Feb 23 20:34 : exception: RTIOThread could not get realtime scheduling, continuing anyway: sched_setscheduler failed: Operation not permitted
Feb 23 20:34 : exception: Failed to open '/home/galih/.mpd/mpdstate': No such file or directory
Feb 23 20:34 : update: added /The Weeknd - Blinding Lights.mp3
Feb 23 20:34 : update: added /Mariya Takeuchi-Plastic Love 竹内 まりや.mp3
Feb 23 20:34 : update: added /Aserejé (The Ketchup Song) [Spanish Version] - Las Ketchup.mp3
Feb 23 20:34 : update: added /TONES AND I - DANCE MONKEY.mp3
Feb 23 20:34 : update: added /spring_in_my_step.mp3
Feb 23 20:34 : update: added /Pirates Of The Caribbean Theme.mp3
Feb 23 20:34 : update: added /Las Ketchup - The Ketchup Song (Asereje) (Spanglish Version) (Official Video).mp3
Feb 23 20:34 : avahi: Service 'Music Player @ lenovo-G550' successfully established.
Feb 23 20:34 : client: [0] opened from 127.0.0.1:37428
Feb 23 20:34 : exception: OutputThread could not get realtime scheduling, continuing anyway: sched_setscheduler failed: Operation not permitted
Feb 23 20:34 : exception: OutputThread could not get realtime scheduling, continuing anyway: sched_setscheduler failed: Operation not permitted
Feb 23 20:34 : exception: Failed to create /home/galih/.mpd/mpdstate: No such file or directory
Feb 23 20:34 : exception: Failed to create /home/galih/.mpd/mpdstate: No such file or directory
Feb 23 20:35 : exception: Failed to create /home/galih/.mpd/mpdstate: No such file or directory
Feb 23 20:35 : exception: Failed to create /home/galih/.mpd/mpdstate: No such file or directory
Feb 23 20:36 : client: [0] closed
Feb 23 20:36 : exception: Failed to create /home/galih/.mpd/mpdstate: No such file or directory
Feb 23 20:36 : player: played "TONES AND I - DANCE MONKEY.mp3"
Feb 23 20:36 : exception: RTIOThread could not get realtime scheduling, continuing anyway: sched_setscheduler failed: Operation not permitted
Feb 23 20:36 : avahi: Service 'Music Player @ lenovo-G550' successfully established.
Feb 23 20:36 : client: [0] opened from 127.0.0.1:37434
Feb 23 20:45 : exception: OutputThread could not get realtime scheduling, continuing anyway: sched_setscheduler failed: Operation not permitted
Feb 23 20:45 : exception: OutputThread could not get realtime scheduling, continuing anyway: sched_setscheduler failed: Operation not permitted
Feb 23 20:46 : client: [0] closed
Feb 23 20:54 : player: played "Aserejé (The Ketchup Song) [Spanish Version] - Las Ketchup.mp3"
Feb 23 20:59 : exception: RTIOThread could not get realtime scheduling, continuing anyway: sched_setscheduler failed: Operation not permitted
Feb 23 20:59 : avahi: Service 'Music Player @ lenovo-G550' successfully established.
Feb 23 20:59 : client: [0] opened from 127.0.0.1:37918
Feb 23 20:59 : client: [0] closed
Feb 23 21:51 : exception: RTIOThread could not get realtime scheduling, continuing anyway: sched_setscheduler failed: Operation not permitted
Feb 23 21:51 : avahi: Service 'Music Player @ lenovo-G550' successfully established.
Feb 24 01:11 : avahi: Client Disconnected, will reconnect shortly
Feb 24 08:20 : exception: RTIOThread could not get realtime scheduling, continuing anyway: sched_setscheduler failed: Operation not permitted
Feb 24 08:20 : avahi: Service 'Music Player @ lenovo-G550' successfully established.
Feb 24 10:55 : exception: RTIOThread could not get realtime scheduling, continuing anyway: sched_setscheduler failed: Operation not permitted
Feb 24 10:55 : avahi: Service 'Music Player @ lenovo-G550' successfully established.
Feb 24 11:19 : avahi: Client Disconnected, will reconnect shortly
Feb 24 13:55 : exception: RTIOThread could not get realtime scheduling, continuing anyway: sched_setscheduler failed: Operation not permitted
Feb 24 13:55 : avahi: Service 'Music Player @ lenovo-G550' successfully established.
Feb 24 14:19 : avahi: Client Disconnected, will reconnect shortly
Feb 24 14:45 : exception: RTIOThread could not get realtime scheduling, continuing anyway: sched_setscheduler failed: Operation not permitted
Feb 24 14:45 : avahi: Service 'Music Player @ lenovo-G550' successfully established.
Feb 24 16:12 : avahi: Client Disconnected, will reconnect shortly
Feb 24 16:24 : exception: RTIOThread could not get realtime scheduling, continuing anyway: sched_setscheduler failed: Operation not permitted
Feb 24 16:24 : avahi: Service 'Music Player @ lenovo-G550' successfully established.
Feb 24 20:20 : exception: RTIOThread could not get realtime scheduling, continuing anyway: sched_setscheduler failed: Operation not permitted
Feb 24 20:20 : avahi: Service 'Music Player @ lenovo-G550' successfully established.
Feb 24 21:20 : exception: RTIOThread could not get realtime scheduling, continuing anyway: sched_setscheduler failed: Operation not permitted
Feb 24 21:20 : avahi: Service 'Music Player @ lenovo-G550' successfully established.
Feb 24 23:41 : client: [0] opened from 127.0.0.1:48118
Feb 24 23:41 : exception: OutputThread could not get realtime scheduling, continuing anyway: sched_setscheduler failed: Operation not permitted
Feb 24 23:41 : exception: OutputThread could not get realtime scheduling, continuing anyway: sched_setscheduler failed: Operation not permitted
Feb 24 23:45 : client: [0] closed
Feb 24 23:45 : player: played "Aserejé (The Ketchup Song) [Spanish Version] - Las Ketchup.mp3"
Feb 24 23:45 : client: [1] opened from 127.0.0.1:48198
Feb 24 23:49 : player: played "Las Ketchup - The Ketchup Song (Asereje) (Spanglish Version) (Official Video).mp3"
Feb 24 23:51 : player: played "Pirates Of The Caribbean Theme.mp3"
Feb 25 00:03 : player: played "Mariya Takeuchi-Plastic Love 竹内 まりや.mp3"
Feb 25 00:04 : player: played "spring_in_my_step.mp3"
Feb 25 00:05 : client: [1] closed
Feb 25 01:17 : avahi: Client Disconnected, will reconnect shortly
Feb 25 01:17 : player: played "The Weeknd - Blinding Lights.mp3"
Feb 25 08:22 : exception: RTIOThread could not get realtime scheduling, continuing anyway: sched_setscheduler failed: Operation not permitted
Feb 25 08:22 : avahi: Service 'Music Player @ lenovo-G550' successfully established.
Feb 25 08:48 : avahi: Client Disconnected, will reconnect shortly
Feb 25 09:04 : exception: RTIOThread could not get realtime scheduling, continuing anyway: sched_setscheduler failed: Operation not permitted
Feb 25 09:04 : avahi: Service 'Music Player @ lenovo-G550' successfully established.
Feb 25 09:17 : avahi: Client Disconnected, will reconnect shortly
Feb 25 09:45 : exception: RTIOThread could not get realtime scheduling, continuing anyway: sched_setscheduler failed: Operation not permitted
Feb 25 09:45 : avahi: Service 'Music Player @ lenovo-G550' successfully established.
Feb 25 11:21 : exception: RTIOThread could not get realtime scheduling, continuing anyway: sched_setscheduler failed: Operation not permitted
Feb 25 11:22 : avahi: Service 'Music Player @ lenovo-G550' successfully established.
Feb 25 11:55 : exception: RTIOThread could not get realtime scheduling, continuing anyway: sched_setscheduler failed: Operation not permitted
Feb 25 11:55 : avahi: Service 'Music Player @ lenovo-G550' successfully established.
Feb 25 12:02 : client: [0] opened from 127.0.0.1:55896
Feb 25 12:02 : exception: OutputThread could not get realtime scheduling, continuing anyway: sched_setscheduler failed: Operation not permitted
Feb 25 12:02 : exception: OutputThread could not get realtime scheduling, continuing anyway: sched_setscheduler failed: Operation not permitted
Feb 25 12:02 : player: played "spring_in_my_step.mp3"
Feb 25 12:03 : client: [0] closed
Feb 25 12:03 : client: [1] opened from 127.0.0.1:55898
Feb 25 12:03 : player: played "spring_in_my_step.mp3"
Feb 25 12:04 : player: played "spring_in_my_step.mp3"
Feb 25 12:04 : player: played "spring_in_my_step.mp3"
Feb 25 12:05 : player: played "spring_in_my_step.mp3"
Feb 25 12:05 : player: played "spring_in_my_step.mp3"
Feb 25 12:06 : player: played "spring_in_my_step.mp3"
Feb 25 12:06 : player: played "spring_in_my_step.mp3"
Feb 25 12:06 : player: played "spring_in_my_step.mp3"
Feb 25 12:07 : player: played "spring_in_my_step.mp3"
Feb 25 12:07 : player: played "spring_in_my_step.mp3"
Feb 25 12:09 : client: [1] closed
Feb 25 13:03 : player: played "spring_in_my_step.mp3"
Feb 25 13:03 : exception: RTIOThread could not get realtime scheduling, continuing anyway: sched_setscheduler failed: Operation not permitted
Feb 25 13:03 : avahi: Service 'Music Player @ lenovo-G550' successfully established.
Feb 25 13:12 : client: [0] opened from 127.0.0.1:56370
Feb 25 13:12 : client: [0] closed
Feb 25 13:29 : client: [1] opened from 127.0.0.1:56576
Feb 25 13:29 : exception: OutputThread could not get realtime scheduling, continuing anyway: sched_setscheduler failed: Operation not permitted
Feb 25 13:29 : exception: OutputThread could not get realtime scheduling, continuing anyway: sched_setscheduler failed: Operation not permitted
Feb 25 13:29 : player: played "spring_in_my_step.mp3"
Feb 25 13:30 : player: played "spring_in_my_step.mp3"
Feb 25 13:31 : player: played "spring_in_my_step.mp3"
Feb 25 13:31 : player: played "spring_in_my_step.mp3"
Feb 25 13:31 : player: played "spring_in_my_step.mp3"
Feb 25 13:32 : player: played "spring_in_my_step.mp3"
Feb 25 13:32 : player: played "spring_in_my_step.mp3"
Feb 25 13:33 : player: played "spring_in_my_step.mp3"
Feb 25 13:33 : player: played "spring_in_my_step.mp3"
Feb 25 13:34 : player: played "spring_in_my_step.mp3"
Feb 25 13:34 : client: [1] closed
Feb 25 13:34 : player: played "spring_in_my_step.mp3"
Feb 25 13:34 : player: played "spring_in_my_step.mp3"
Feb 25 13:55 : exception: RTIOThread could not get realtime scheduling, continuing anyway: sched_setscheduler failed: Operation not permitted
Feb 25 13:55 : avahi: Service 'Music Player @ lenovo-G550' successfully established.
Feb 25 16:27 : avahi: Client Disconnected, will reconnect shortly
Feb 25 16:28 : exception: RTIOThread could not get realtime scheduling, continuing anyway: sched_setscheduler failed: Operation not permitted
Feb 25 16:28 : avahi: Service 'Music Player @ lenovo-G550' successfully established.
Feb 25 17:53 : client: [0] opened from 127.0.0.1:49164
Feb 25 17:53 : exception: OutputThread could not get realtime scheduling, continuing anyway: sched_setscheduler failed: Operation not permitted
Feb 25 17:53 : exception: OutputThread could not get realtime scheduling, continuing anyway: sched_setscheduler failed: Operation not permitted
Feb 25 17:59 : client: [0] closed
Feb 25 18:01 : client: [1] opened from 127.0.0.1:49182
Feb 25 18:08 : client: [1] closed
Feb 25 18:08 : player: played "Las Ketchup - The Ketchup Song (Asereje) (Spanglish Version) (Official Video).mp3"
Feb 25 18:10 : avahi: Client Disconnected, will reconnect shortly
Feb 25 18:14 : exception: RTIOThread could not get realtime scheduling, continuing anyway: sched_setscheduler failed: Operation not permitted
Feb 25 18:14 : avahi: Service 'Music Player @ lenovo-G550' successfully established.
Feb 25 18:22 : client: [0] opened from 127.0.0.1:60332
Feb 25 18:22 : update: added /O-Zone - Dragostea Din Tei.mp3
Feb 25 18:22 : exception: OutputThread could not get realtime scheduling, continuing anyway: sched_setscheduler failed: Operation not permitted
Feb 25 18:22 : exception: OutputThread could not get realtime scheduling, continuing anyway: sched_setscheduler failed: Operation not permitted
Feb 25 18:25 : player: played "O-Zone - Dragostea Din Tei.mp3"
Feb 25 18:35 : client: [0] closed
Feb 25 19:38 : avahi: Client Disconnected, will reconnect shortly
Feb 25 19:38 : player: played "Mariya Takeuchi-Plastic Love 竹内 まりや.mp3"
Feb 25 20:29 : exception: RTIOThread could not get realtime scheduling, continuing anyway: sched_setscheduler failed: Operation not permitted
Feb 25 20:29 : avahi: Service 'Music Player @ lenovo-G550' successfully established.
Feb 25 20:30 : client: [0] opened from 127.0.0.1:56982
Feb 25 20:30 : exception: OutputThread could not get realtime scheduling, continuing anyway: sched_setscheduler failed: Operation not permitted
Feb 25 20:30 : exception: OutputThread could not get realtime scheduling, continuing anyway: sched_setscheduler failed: Operation not permitted
Feb 25 20:31 : client: [0] closed
Feb 25 20:31 : client: [1] opened from 127.0.0.1:56986
Feb 25 20:31 : client: [1] closed
Feb 25 20:31 : client: [2] opened from 127.0.0.1:56988
Feb 25 20:33 : client: [2] closed
Feb 25 20:33 : client: [3] opened from 127.0.0.1:56990
Feb 25 20:34 : player: played "O-Zone - Dragostea Din Tei.mp3"
Feb 25 20:34 : client: [3] closed
Feb 25 20:34 : client: [4] opened from 127.0.0.1:56998
Feb 25 20:37 : player: played "O-Zone - Dragostea Din Tei.mp3"
Feb 25 20:39 : client: [4] closed
Feb 25 20:43 : exception: RTIOThread could not get realtime scheduling, continuing anyway: sched_setscheduler failed: Operation not permitted
Feb 25 20:43 : avahi: Service 'Music Player @ lenovo-G550' successfully established.
Feb 25 20:43 : client: [0] opened from 127.0.0.1:57008
Feb 25 20:43 : exception: OutputThread could not get realtime scheduling, continuing anyway: sched_setscheduler failed: Operation not permitted
Feb 25 20:43 : exception: OutputThread could not get realtime scheduling, continuing anyway: sched_setscheduler failed: Operation not permitted
Feb 25 20:45 : client: [0] closed
Feb 25 21:00 : client: [1] opened from 127.0.0.1:57290
Feb 25 21:09 : player: played "The Weeknd - Blinding Lights.mp3"
Feb 25 21:09 : client: [1] closed
Feb 25 22:07 : exception: RTIOThread could not get realtime scheduling, continuing anyway: sched_setscheduler failed: Operation not permitted
Feb 25 22:07 : avahi: Service 'Music Player @ lenovo-G550' successfully established.
Feb 26 01:05 : avahi: Client Disconnected, will reconnect shortly
Feb 26 09:03 : exception: RTIOThread could not get realtime scheduling, continuing anyway: sched_setscheduler failed: Operation not permitted
Feb 26 09:03 : avahi: Service 'Music Player @ lenovo-G550' successfully established.
Feb 26 10:41 : client: [0] opened from 127.0.0.1:37582
Feb 26 10:41 : exception: OutputThread could not get realtime scheduling, continuing anyway: sched_setscheduler failed: Operation not permitted
Feb 26 10:41 : exception: OutputThread could not get realtime scheduling, continuing anyway: sched_setscheduler failed: Operation not permitted
Feb 26 10:42 : client: [0] closed
Feb 26 11:22 : avahi: Client Disconnected, will reconnect shortly
Feb 26 11:22 : player: played "The Weeknd - Blinding Lights.mp3"
Feb 26 11:25 : exception: RTIOThread could not get realtime scheduling, continuing anyway: sched_setscheduler failed: Operation not permitted
Feb 26 11:25 : avahi: Service 'Music Player @ lenovo-G550' successfully established.
Feb 26 12:09 : exception: RTIOThread could not get realtime scheduling, continuing anyway: sched_setscheduler failed: Operation not permitted
Feb 26 12:09 : avahi: Service 'Music Player @ lenovo-G550' successfully established.
Feb 26 12:59 : exception: RTIOThread could not get realtime scheduling, continuing anyway: sched_setscheduler failed: Operation not permitted
Feb 26 12:59 : avahi: Service 'Music Player @ lenovo-G550' successfully established.
Feb 26 14:34 : exception: RTIOThread could not get realtime scheduling, continuing anyway: sched_setscheduler failed: Operation not permitted
Feb 26 14:34 : avahi: Service 'Music Player @ lenovo-G550' successfully established.
Feb 26 19:07 : exception: RTIOThread could not get realtime scheduling, continuing anyway: sched_setscheduler failed: Operation not permitted
Feb 26 19:07 : avahi: Service 'Music Player @ lenovo-G550' successfully established.
Feb 26 19:20 : client: [0] opened from 127.0.0.1:49014
Feb 26 19:21 : client: [0] closed
Feb 26 19:33 : client: [1] opened from 127.0.0.1:49046
Feb 26 19:33 : exception: OutputThread could not get realtime scheduling, continuing anyway: sched_setscheduler failed: Operation not permitted
Feb 26 19:33 : exception: OutputThread could not get realtime scheduling, continuing anyway: sched_setscheduler failed: Operation not permitted
Feb 26 19:34 : client: [1] closed
Feb 26 19:35 : client: [2] opened from 127.0.0.1:49050
Feb 26 19:35 : client: [2] closed
Feb 26 19:37 : client: [3] opened from 127.0.0.1:49054
Feb 26 19:37 : client: [3] closed
Feb 26 19:37 : client: [4] opened from 127.0.0.1:49056
Feb 26 19:38 : client: [4] closed
Feb 26 19:38 : client: [5] opened from 127.0.0.1:49058
Feb 26 19:38 : client: [5] closed
Feb 26 19:48 : client: [6] opened from 127.0.0.1:49072
Feb 26 19:56 : update: removing Las Ketchup - The Ketchup Song (Asereje) (Spanglish Version) (Official Video).mp3
Feb 26 19:56 : update: removing Mariya Takeuchi-Plastic Love 竹内 まりや.mp3
Feb 26 19:56 : update: removing O-Zone - Dragostea Din Tei.mp3
Feb 26 19:56 : update: removing The Weeknd - Blinding Lights.mp3
Feb 26 19:56 : update: removing TONES AND I - DANCE MONKEY.mp3
Feb 26 19:56 : update: added /Las Ketchup - The Ketchup Song (Asereje) (Spanglish Version).mp3
Feb 26 19:56 : update: added /DANCE MONKEY.mp3
Feb 26 19:56 : update: added /Blinding Lights.mp3
Feb 26 19:56 : update: added /Plastic Love 竹内 まりや.mp3
Feb 26 19:56 : update: added /Dragostea Din Tei.mp3
Feb 26 19:57 : client: [6] closed
Feb 26 19:57 : client: [7] opened from 127.0.0.1:49134
Feb 26 19:57 : client: [7] closed
Feb 26 19:57 : player: played "Aserejé (The Ketchup Song) [Spanish Version] - Las Ketchup.mp3"
Feb 26 19:57 : exception: RTIOThread could not get realtime scheduling, continuing anyway: sched_setscheduler failed: Operation not permitted
Feb 26 19:57 : avahi: Service 'Music Player @ lenovo-G550' successfully established.
Feb 26 19:57 : client: [0] opened from 127.0.0.1:49144
Feb 26 19:58 : client: [0] closed
Feb 26 19:59 : client: [1] opened from 127.0.0.1:49154
Feb 26 19:59 : update: removing Las Ketchup - The Ketchup Song (Asereje) (Spanglish Version).mp3
Feb 26 19:59 : update: added /The Ketchup Song (Asereje)[Spanglish Version].mp3
Feb 26 19:59 : client: [1] closed
Feb 26 19:59 : exception: RTIOThread could not get realtime scheduling, continuing anyway: sched_setscheduler failed: Operation not permitted
Feb 26 19:59 : avahi: Service 'Music Player @ lenovo-G550' successfully established.
Feb 26 20:00 : client: [0] opened from 127.0.0.1:49158
Feb 26 20:00 : update: updating /Pirates Of The Caribbean Theme.mp3
Feb 26 20:00 : client: [0] closed
Feb 26 20:03 : client: [1] opened from 127.0.0.1:49160
Feb 26 20:04 : exception: OutputThread could not get realtime scheduling, continuing anyway: sched_setscheduler failed: Operation not permitted
Feb 26 20:04 : exception: OutputThread could not get realtime scheduling, continuing anyway: sched_setscheduler failed: Operation not permitted
Feb 26 20:05 : client: [1] closed
Feb 26 20:05 : client: [2] opened from 127.0.0.1:49162
Feb 26 20:07 : player: played "The Ketchup Song (Asereje)[Spanglish Version].mp3"
Feb 26 20:08 : client: [2] closed
Feb 26 20:08 : client: [3] opened from 127.0.0.1:49164
Feb 26 20:08 : client: [3] closed
Feb 26 20:08 : client: [4] opened from 127.0.0.1:49166
Feb 26 20:08 : client: [4] closed
Feb 26 20:09 : client: [5] opened from 127.0.0.1:49168
Feb 26 20:09 : client: [5] closed
Feb 26 20:09 : client: [6] opened from 127.0.0.1:49170
Feb 26 20:10 : client: [6] closed
Feb 26 20:10 : client: [7] opened from 127.0.0.1:49172
Feb 26 20:11 : client: [7] closed
Feb 26 20:11 : client: [8] opened from 127.0.0.1:49174
Feb 26 20:11 : client: [8] closed
Feb 26 20:13 : client: [9] opened from 127.0.0.1:49176
Feb 26 20:14 : client: [9] closed
Feb 26 20:14 : client: [10] opened from 127.0.0.1:49178
Feb 26 20:14 : player: played "Dragostea Din Tei.mp3"
Feb 26 20:14 : update: removing Aserejé (The Ketchup Song) [Spanish Version] - Las Ketchup.mp3
Feb 26 20:14 : update: removing spring_in_my_step.mp3
Feb 26 20:14 : update: added /Spring in my step.mp3
Feb 26 20:14 : update: added /Aserejé (The Ketchup Song) [Spanish Version].mp3
Feb 26 20:15 : player: played "Spring in my step.mp3"
Feb 26 20:16 : update: removing DANCE MONKEY.mp3
Feb 26 20:16 : update: removing The Ketchup Song (Asereje)[Spanglish Version].mp3
Feb 26 20:16 : update: added /Aserejé (The Ketchup Song) [Spanglish Version].mp3
Feb 26 20:16 : update: added /Dance Monkey.mp3
Feb 26 20:18 : client: [10] closed
Feb 26 20:19 : client: [11] opened from 127.0.0.1:49180
Feb 26 20:19 : client: [11] closed
Feb 26 20:19 : client: [12] opened from 127.0.0.1:49182
Feb 26 20:20 : client: [12] closed
Feb 26 20:20 : client: [13] opened from 127.0.0.1:49184
Feb 26 20:22 : client: [13] closed
Feb 26 20:23 : client: [14] opened from 127.0.0.1:49186
Feb 26 20:23 : client: [14] closed
Feb 26 20:24 : client: [15] opened from 127.0.0.1:49188
Feb 26 20:24 : client: [15] closed
Feb 26 20:32 : player: played "Plastic Love 竹内 まりや.mp3"
Feb 26 20:36 : player: played "Aserejé (The Ketchup Song) [Spanish Version].mp3"
Feb 26 20:36 : player: played "Spring in my step.mp3"
Feb 26 20:40 : player: played "Dance Monkey.mp3"
Feb 26 20:44 : player: played "Aserejé (The Ketchup Song) [Spanglish Version].mp3"
